#-----------------------------------------------------------
# Vivado v2024.1 (64-bit)
# SW Build 5076996 on Wed May 22 18:37:14 MDT 2024
# IP Build 5075265 on Wed May 22 21:45:21 MDT 2024
# SharedData Build 5076995 on Wed May 22 18:29:18 MDT 2024
# Start of session at: Wed Dec 25 10:06:24 2024
# Process ID: 22800
# Current directory: E:/TestVerilog/Test_DOAN1/project_1_IP_AXI/ip_repo
# Command line: vivado.exe -gui_launcher_event rodinguilauncherevent26420 E:\TestVerilog\Test_DOAN1\project_1_IP_AXI\ip_repo\edit_Fully_Connected_1_v1_0.xpr
# Log file: E:/TestVerilog/Test_DOAN1/project_1_IP_AXI/ip_repo/vivado.log
# Journal file: E:/TestVerilog/Test_DOAN1/project_1_IP_AXI/ip_repo\vivado.jou
# Running On        :DESKTOP-AF4K6S1
# Platform          :Windows Server 2016 or Windows 10
# Operating System  :19045
# Processor Detail  :Intel(R) Pentium(R) CPU G4560 @ 3.50GHz
# CPU Frequency     :3504 MHz
# CPU Physical cores:2
# CPU Logical cores :4
# Host memory       :8482 MB
# Swap memory       :16137 MB
# Total Virtual     :24620 MB
# Available Virtual :18514 MB
#-----------------------------------------------------------
start_gui
open_project E:/TestVerilog/Test_DOAN1/project_1_IP_AXI/ip_repo/edit_Fully_Connected_1_v1_0.xpr
WARNING: [Board 49-26] cannot add Board Part xilinx.com:kc705:part0:1.6 available at E:/Vivado2024.1/Vivado/2024.1/data/xhub/boards/XilinxBoardStore/boards/Xilinx/kc705/1.6/board.xml as part xc7k325tffg900-2 specified in board_part file is either invalid or not available
WARNING: [Board 49-26] cannot add Board Part xilinx.com:kcu105:part0:1.6 available at E:/Vivado2024.1/Vivado/2024.1/data/xhub/boards/XilinxBoardStore/boards/Xilinx/kcu105/1.6/board.xml as part xcku040-ffva1156-2-e specified in board_part file is either invalid or not available
WARNING: [Board 49-26] cannot add Board Part xilinx.com:kcu105:part0:1.7 available at E:/Vivado2024.1/Vivado/2024.1/data/xhub/boards/XilinxBoardStore/boards/Xilinx/kcu105/1.7/board.xml as part xcku040-ffva1156-2-e specified in board_part file is either invalid or not available
WARNING: [Board 49-26] cannot add Board Part xilinx.com:kcu1500:part0:1.2 available at E:/Vivado2024.1/Vivado/2024.1/data/xhub/boards/XilinxBoardStore/boards/Xilinx/kcu1500/1.2/board.xml as part xcku115-flvb2104-2-e specified in board_part file is either invalid or not available
WARNING: [Board 49-26] cannot add Board Part xilinx.com:vc707:part0:1.4 available at E:/Vivado2024.1/Vivado/2024.1/data/xhub/boards/XilinxBoardStore/boards/Xilinx/vc707/1.4/board.xml as part xc7vx485tffg1761-2 specified in board_part file is either invalid or not available
WARNING: [Board 49-26] cannot add Board Part xilinx.com:vc709:part0:1.8 available at E:/Vivado2024.1/Vivado/2024.1/data/xhub/boards/XilinxBoardStore/boards/Xilinx/vc709/1.8/board.xml as part xc7vx690tffg1761-2 specified in board_part file is either invalid or not available
WARNING: [Board 49-26] cannot add Board Part xilinx.com:vck190:part0:2.2 available at E:/Vivado2024.1/Vivado/2024.1/data/xhub/boards/XilinxBoardStore/boards/Xilinx/vck190/production/2.2/board.xml as part xcvc1902-vsva2197-2mp-e-s specified in board_part file is either invalid or not available
WARNING: [Board 49-26] cannot add Board Part xilinx.com:vck190:part0:3.0 available at E:/Vivado2024.1/Vivado/2024.1/data/xhub/boards/XilinxBoardStore/boards/Xilinx/vck190/production/3.0/board.xml as part xcvc1902-vsva2197-2mp-e-s specified in board_part file is either invalid or not available
WARNING: [Board 49-26] cannot add Board Part xilinx.com:vck190:part0:3.1 available at E:/Vivado2024.1/Vivado/2024.1/data/xhub/boards/XilinxBoardStore/boards/Xilinx/vck190/production/3.1/board.xml as part xcvc1902-vsva2197-2mp-e-s specified in board_part file is either invalid or not available
WARNING: [Board 49-26] cannot add Board Part xilinx.com:vck190:part0:3.2 available at E:/Vivado2024.1/Vivado/2024.1/data/xhub/boards/XilinxBoardStore/boards/Xilinx/vck190/production/3.2/board.xml as part xcvc1902-vsva2197-2mp-e-s specified in board_part file is either invalid or not available
WARNING: [Board 49-26] cannot add Board Part xilinx.com:vck190:part0:3.3 available at E:/Vivado2024.1/Vivado/2024.1/data/xhub/boards/XilinxBoardStore/boards/Xilinx/vck190/production/3.3/board.xml as part xcvc1902-vsva2197-2mp-e-s specified in board_part file is either invalid or not available
WARNING: [Board 49-26] cannot add Board Part xilinx.com:vck190_newl:part0:1.0 available at E:/Vivado2024.1/Vivado/2024.1/data/xhub/boards/XilinxBoardStore/boards/Xilinx/vck190_newl/production/1.0/board.xml as part xcvc1902-vsva2197-2mp-e-s specified in board_part file is either invalid or not available
WARNING: [Board 49-26] cannot add Board Part xilinx.com:vck190_newl:part0:1.1 available at E:/Vivado2024.1/Vivado/2024.1/data/xhub/boards/XilinxBoardStore/boards/Xilinx/vck190_newl/production/1.1/board.xml as part xcvc1902-vsva2197-2mp-e-s specified in board_part file is either invalid or not available
WARNING: [Board 49-26] cannot add Board Part xilinx.com:vck190_newl:part0:1.2 available at E:/Vivado2024.1/Vivado/2024.1/data/xhub/boards/XilinxBoardStore/boards/Xilinx/vck190_newl/production/1.2/board.xml as part xcvc1902-vsva2197-2mp-e-s specified in board_part file is either invalid or not available
WARNING: [Board 49-26] cannot add Board Part xilinx.com:vcu108:part0:1.6 available at E:/Vivado2024.1/Vivado/2024.1/data/xhub/boards/XilinxBoardStore/boards/Xilinx/vcu108/1.6/board.xml as part xcvu095-ffva2104-2-e specified in board_part file is either invalid or not available
WARNING: [Board 49-26] cannot add Board Part xilinx.com:vcu108:part0:1.7 available at E:/Vivado2024.1/Vivado/2024.1/data/xhub/boards/XilinxBoardStore/boards/Xilinx/vcu108/1.7/board.xml as part xcvu095-ffva2104-2-e specified in board_part file is either invalid or not available
WARNING: [Board 49-26] cannot add Board Part xilinx.com:vcu110:part0:1.4 available at E:/Vivado2024.1/Vivado/2024.1/data/xhub/boards/XilinxBoardStore/boards/Xilinx/vcu110/1.4/board.xml as part xcvu190-flgc2104-2-e specified in board_part file is either invalid or not available
WARNING: [Board 49-26] cannot add Board Part xilinx.com:vcu118:part0:2.0 available at E:/Vivado2024.1/Vivado/2024.1/data/xhub/boards/XilinxBoardStore/boards/Xilinx/vcu118/2.0/board.xml as part xcvu9p-flga2104-2l-e specified in board_part file is either invalid or not available
WARNING: [Board 49-26] cannot add Board Part xilinx.com:vcu118:part0:2.3 available at E:/Vivado2024.1/Vivado/2024.1/data/xhub/boards/XilinxBoardStore/boards/Xilinx/vcu118/2.3/board.xml as part xcvu9p-flga2104-2l-e specified in board_part file is either invalid or not available
WARNING: [Board 49-26] cannot add Board Part xilinx.com:vcu118:part0:2.4 available at E:/Vivado2024.1/Vivado/2024.1/data/xhub/boards/XilinxBoardStore/boards/Xilinx/vcu118/2.4/board.xml as part xcvu9p-flga2104-2l-e specified in board_part file is either invalid or not available
WARNING: [Board 49-26] cannot add Board Part xilinx.com:vcu129:part0:1.0 available at E:/Vivado2024.1/Vivado/2024.1/data/xhub/boards/XilinxBoardStore/boards/Xilinx/vcu129/production/1.0/board.xml as part xcvu29p-fsga2577-2l-e specified in board_part file is either invalid or not available
WARNING: [Board 49-26] cannot add Board Part xilinx.com:vcu1525:part0:1.3 available at E:/Vivado2024.1/Vivado/2024.1/data/xhub/boards/XilinxBoardStore/boards/Xilinx/vcu1525/1.3/board.xml as part xcvu9p-fsgd2104-2l-e specified in board_part file is either invalid or not available
WARNING: [Board 49-26] cannot add Board Part xilinx.com:vek280:part0:1.0 available at E:/Vivado2024.1/Vivado/2024.1/data/xhub/boards/XilinxBoardStore/boards/Xilinx/vek280/production/1.0/board.xml as part xcve2802-vsvh1760-2mp-e-s specified in board_part file is either invalid or not available
WARNING: [Board 49-26] cannot add Board Part xilinx.com:vek280:part0:1.1 available at E:/Vivado2024.1/Vivado/2024.1/data/xhub/boards/XilinxBoardStore/boards/Xilinx/vek280/production/1.1/board.xml as part xcve2802-vsvh1760-2mp-e-s specified in board_part file is either invalid or not available
WARNING: [Board 49-26] cannot add Board Part xilinx.com:vek280:part0:1.2 available at E:/Vivado2024.1/Vivado/2024.1/data/xhub/boards/XilinxBoardStore/boards/Xilinx/vek280/production/1.2/board.xml as part xcve2802-vsvh1760-2mp-e-s specified in board_part file is either invalid or not available
WARNING: [Board 49-26] cannot add Board Part xilinx.com:vek280_es:part0:1.0 available at E:/Vivado2024.1/Vivado/2024.1/data/xhub/boards/XilinxBoardStore/boards/Xilinx/vek280/es/rev_a/1.0/board.xml as part xcve2802-vsvh1760-2lp-e-s-es1 specified in board_part file is either invalid or not available
WARNING: [Board 49-26] cannot add Board Part xilinx.com:vek280_es:part0:1.1 available at E:/Vivado2024.1/Vivado/2024.1/data/xhub/boards/XilinxBoardStore/boards/Xilinx/vek280/es/rev_a/1.1/board.xml as part xcve2802-vsvh1760-2lp-e-s-es1 specified in board_part file is either invalid or not available
WARNING: [Board 49-26] cannot add Board Part xilinx.com:vek280_es_revb:part0:1.0 available at E:/Vivado2024.1/Vivado/2024.1/data/xhub/boards/XilinxBoardStore/boards/Xilinx/vek280/es/rev_b/1.0/board.xml as part xcve2802-vsvh1760-2mp-e-s-es1 specified in board_part file is either invalid or not available
WARNING: [Board 49-26] cannot add Board Part xilinx.com:vek280_es_revb:part0:1.1 available at E:/Vivado2024.1/Vivado/2024.1/data/xhub/boards/XilinxBoardStore/boards/Xilinx/vek280/es/rev_b/1.1/board.xml as part xcve2802-vsvh1760-2mp-e-s-es1 specified in board_part file is either invalid or not available
WARNING: [Board 49-26] cannot add Board Part xilinx.com:vermeo_t1_mpsoc:part0:1.0 available at E:/Vivado2024.1/Vivado/2024.1/data/xhub/boards/XilinxBoardStore/boards/Xilinx/vermeo_t1_mpsoc/1.0/board.xml as part xczu19eg-ffvd1760-2l-e specified in board_part file is either invalid or not available
WARNING: [Board 49-26] cannot add Board Part xilinx.com:vermeo_t1_rfsoc:part0:1.0 available at E:/Vivado2024.1/Vivado/2024.1/data/xhub/boards/XilinxBoardStore/boards/Xilinx/vermeo_t1_rfsoc/1.0/board.xml as part xczu21dr-ffvd1156-2l-e specified in board_part file is either invalid or not available
WARNING: [Board 49-26] cannot add Board Part xilinx.com:vhk158:part0:1.0 available at E:/Vivado2024.1/Vivado/2024.1/data/xhub/boards/XilinxBoardStore/boards/Xilinx/vhk158/production/1.0/board.xml as part xcvh1582-vsva3697-2mp-e-s specified in board_part file is either invalid or not available
WARNING: [Board 49-26] cannot add Board Part xilinx.com:vhk158:part0:1.1 available at E:/Vivado2024.1/Vivado/2024.1/data/xhub/boards/XilinxBoardStore/boards/Xilinx/vhk158/production/1.1/board.xml as part xcvh1582-vsva3697-2mp-e-s specified in board_part file is either invalid or not available
WARNING: [Board 49-26] cannot add Board Part xilinx.com:vhk158_es:part0:1.0 available at E:/Vivado2024.1/Vivado/2024.1/data/xhub/boards/XilinxBoardStore/boards/Xilinx/vhk158/es/1.0/board.xml as part xcvh1582-vsva3697-2mp-e-s-es1 specified in board_part file is either invalid or not available
WARNING: [Board 49-26] cannot add Board Part xilinx.com:vhk158_es:part0:1.1 available at E:/Vivado2024.1/Vivado/2024.1/data/xhub/boards/XilinxBoardStore/boards/Xilinx/vhk158/es/1.1/board.xml as part xcvh1582-vsva3697-2mp-e-s-es1 specified in board_part file is either invalid or not available
WARNING: [Board 49-26] cannot add Board Part xilinx.com:vmk180:part0:2.2 available at E:/Vivado2024.1/Vivado/2024.1/data/xhub/boards/XilinxBoardStore/boards/Xilinx/vmk180/production/2.2/board.xml as part xcvm1802-vsva2197-2mp-e-s specified in board_part file is either invalid or not available
WARNING: [Board 49-26] cannot add Board Part xilinx.com:vmk180:part0:3.0 available at E:/Vivado2024.1/Vivado/2024.1/data/xhub/boards/XilinxBoardStore/boards/Xilinx/vmk180/production/3.0/board.xml as part xcvm1802-vsva2197-2mp-e-s specified in board_part file is either invalid or not available
WARNING: [Board 49-26] cannot add Board Part xilinx.com:vmk180:part0:3.1 available at E:/Vivado2024.1/Vivado/2024.1/data/xhub/boards/XilinxBoardStore/boards/Xilinx/vmk180/production/3.1/board.xml as part xcvm1802-vsva2197-2mp-e-s specified in board_part file is either invalid or not available
WARNING: [Board 49-26] cannot add Board Part xilinx.com:vmk180:part0:3.2 available at E:/Vivado2024.1/Vivado/2024.1/data/xhub/boards/XilinxBoardStore/boards/Xilinx/vmk180/production/3.2/board.xml as part xcvm1802-vsva2197-2mp-e-s specified in board_part file is either invalid or not available
WARNING: [Board 49-26] cannot add Board Part xilinx.com:vmk180_newl:part0:1.0 available at E:/Vivado2024.1/Vivado/2024.1/data/xhub/boards/XilinxBoardStore/boards/Xilinx/vmk180_newl/production/1.0/board.xml as part xcvm1802-vsva2197-2mp-e-s specified in board_part file is either invalid or not available
WARNING: [Board 49-26] cannot add Board Part xilinx.com:vmk180_newl:part0:1.1 available at E:/Vivado2024.1/Vivado/2024.1/data/xhub/boards/XilinxBoardStore/boards/Xilinx/vmk180_newl/production/1.1/board.xml as part xcvm1802-vsva2197-2mp-e-s specified in board_part file is either invalid or not available
WARNING: [Board 49-26] cannot add Board Part xilinx.com:vpk120:part0:1.0 available at E:/Vivado2024.1/Vivado/2024.1/data/xhub/boards/XilinxBoardStore/boards/Xilinx/vpk120/production/1.0/board.xml as part xcvp1202-vsva2785-2mp-e-s specified in board_part file is either invalid or not available
WARNING: [Board 49-26] cannot add Board Part xilinx.com:vpk120:part0:1.1 available at E:/Vivado2024.1/Vivado/2024.1/data/xhub/boards/XilinxBoardStore/boards/Xilinx/vpk120/production/1.1/board.xml as part xcvp1202-vsva2785-2mp-e-s specified in board_part file is either invalid or not available
WARNING: [Board 49-26] cannot add Board Part xilinx.com:vpk120:part0:1.2 available at E:/Vivado2024.1/Vivado/2024.1/data/xhub/boards/XilinxBoardStore/boards/Xilinx/vpk120/production/1.2/board.xml as part xcvp1202-vsva2785-2mp-e-s specified in board_part file is either invalid or not available
WARNING: [Board 49-26] cannot add Board Part xilinx.com:vpk180:part0:1.0 available at E:/Vivado2024.1/Vivado/2024.1/data/xhub/boards/XilinxBoardStore/boards/Xilinx/vpk180/production/1.0/board.xml as part xcvp1802-lsvc4072-2mp-e-s specified in board_part file is either invalid or not available
WARNING: [Board 49-26] cannot add Board Part xilinx.com:vpk180:part0:1.1 available at E:/Vivado2024.1/Vivado/2024.1/data/xhub/boards/XilinxBoardStore/boards/Xilinx/vpk180/production/1.1/board.xml as part xcvp1802-lsvc4072-2mp-e-s specified in board_part file is either invalid or not available
WARNING: [Board 49-26] cannot add Board Part xilinx.com:vpk180:part0:1.2 available at E:/Vivado2024.1/Vivado/2024.1/data/xhub/boards/XilinxBoardStore/boards/Xilinx/vpk180/production/1.2/board.xml as part xcvp1802-lsvc4072-2mp-e-s specified in board_part file is either invalid or not available
WARNING: [Board 49-26] cannot add Board Part xilinx.com:zc706:part0:1.4 available at E:/Vivado2024.1/Vivado/2024.1/data/xhub/boards/XilinxBoardStore/boards/Xilinx/zc706/1.4/board.xml as part xc7z045ffg900-2 specified in board_part file is either invalid or not available
WARNING: [Board 49-26] cannot add Board Part xilinx.com:zcu102:part0:3.3 available at E:/Vivado2024.1/Vivado/2024.1/data/xhub/boards/XilinxBoardStore/boards/Xilinx/zcu102/3.3/board.xml as part xczu9eg-ffvb1156-2-e specified in board_part file is either invalid or not available
WARNING: [Board 49-26] cannot add Board Part xilinx.com:zcu102:part0:3.4 available at E:/Vivado2024.1/Vivado/2024.1/data/xhub/boards/XilinxBoardStore/boards/Xilinx/zcu102/3.4/board.xml as part xczu9eg-ffvb1156-2-e specified in board_part file is either invalid or not available
WARNING: [Board 49-26] cannot add Board Part xilinx.com:zcu111:part0:1.2 available at E:/Vivado2024.1/Vivado/2024.1/data/xhub/boards/XilinxBoardStore/boards/Xilinx/zcu111/1.2/board.xml as part xczu28dr-ffvg1517-2-e specified in board_part file is either invalid or not available
WARNING: [Board 49-26] cannot add Board Part xilinx.com:zcu111:part0:1.3 available at E:/Vivado2024.1/Vivado/2024.1/data/xhub/boards/XilinxBoardStore/boards/Xilinx/zcu111/1.3/board.xml as part xczu28dr-ffvg1517-2-e specified in board_part file is either invalid or not available
WARNING: [Board 49-26] cannot add Board Part xilinx.com:zcu111:part0:1.4 available at E:/Vivado2024.1/Vivado/2024.1/data/xhub/boards/XilinxBoardStore/boards/Xilinx/zcu111/1.4/board.xml as part xczu28dr-ffvg1517-2-e specified in board_part file is either invalid or not available
WARNING: [Board 49-26] cannot add Board Part xilinx.com:zcu1275:part0:1.0 available at E:/Vivado2024.1/Vivado/2024.1/data/xhub/boards/XilinxBoardStore/boards/Xilinx/zcu1275/1.0/board.xml as part xczu29dr-ffvf1760-2-e specified in board_part file is either invalid or not available
WARNING: [Board 49-26] cannot add Board Part xilinx.com:zcu1285:part0:1.0 available at E:/Vivado2024.1/Vivado/2024.1/data/xhub/boards/XilinxBoardStore/boards/Xilinx/zcu1285/1.0/board.xml as part xczu39dr-ffvf1760-2-i specified in board_part file is either invalid or not available
WARNING: [Board 49-26] cannot add Board Part xilinx.com:zcu208:part0:2.0 available at E:/Vivado2024.1/Vivado/2024.1/data/xhub/boards/XilinxBoardStore/boards/Xilinx/zcu208/production/2.0/board.xml as part xczu48dr-fsvg1517-2-e specified in board_part file is either invalid or not available
WARNING: [Board 49-26] cannot add Board Part xilinx.com:zcu208ld:part0:2.0 available at E:/Vivado2024.1/Vivado/2024.1/data/xhub/boards/XilinxBoardStore/boards/Xilinx/zcu208ld/production/2.0/board.xml as part xczu58dr-fsvg1517-2-i specified in board_part file is either invalid or not available
WARNING: [Board 49-26] cannot add Board Part xilinx.com:zcu216:part0:2.0 available at E:/Vivado2024.1/Vivado/2024.1/data/xhub/boards/XilinxBoardStore/boards/Xilinx/zcu216/production/2.0/board.xml as part xczu49dr-ffvf1760-2-e specified in board_part file is either invalid or not available
WARNING: [Board 49-26] cannot add Board Part xilinx.com:zcu216ld:part0:2.0 available at E:/Vivado2024.1/Vivado/2024.1/data/xhub/boards/XilinxBoardStore/boards/Xilinx/zcu216ld/production/2.0/board.xml as part xczu59dr-ffvf1760-2-i specified in board_part file is either invalid or not available
WARNING: [Board 49-26] cannot add Board Part xilinx.com:zcu670:part0:2.0 available at E:/Vivado2024.1/Vivado/2024.1/data/xhub/boards/XilinxBoardStore/boards/Xilinx/zcu670/2.0/board.xml as part xczu67dr-fsve1156-2-i specified in board_part file is either invalid or not available
WARNING: [Board 49-26] cannot add Board Part xilinx.com:zcu670ld:part0:1.0 available at E:/Vivado2024.1/Vivado/2024.1/data/xhub/boards/XilinxBoardStore/boards/Xilinx/zcu670ld/1.0/board.xml as part xczu57dr-fsve1156-2-i specified in board_part file is either invalid or not available
Scanning sources...
Finished scanning sources
INFO: [IP_Flow 19-234] Refreshing IP repositories
INFO: [IP_Flow 19-1700] Loaded user IP repository 'e:/TestVerilog/Test_DOAN1/project_1_IP_AXI/ip_repo/Fully_Connected_1_1_0'.
INFO: [IP_Flow 19-2313] Loaded Vivado IP repository 'E:/Vivado2024.1/Vivado/2024.1/data/ip'.
open_project: Time (s): cpu = 00:00:44 ; elapsed = 00:00:35 . Memory (MB): peak = 1525.469 ; gain = 483.180
update_compile_order -fileset sources_1
ipx::open_ipxact_file {E:\TestVerilog\Test_DOAN1\project_1_IP_AXI\ip_repo\Fully_Connected_1_1_0\component.xml}
WARNING: [IP_Flow 19-4963] ila_0 has board value specified. The packaged IP will be restricted to usage with board 'xilinx.com:kv260_som_som240_1_connector_kv260_carrier_som240_1_connector:part0:1.4'
INFO: [BD 41-1637] Generated targets are already up-to-date for block design 'multiply' - hence not re-generating.
WARNING: [IP_Flow 19-3833] Unreferenced file from the top module is not packaged: 'E:/TestVerilog/Test_DOAN1/project_1_IP_AXI/ip_repo/Fully_Connected_1_1_0/src/relu_act.sv'.
WARNING: [IP_Flow 19-3833] Unreferenced file from the top module is not packaged: 'E:/TestVerilog/Test_DOAN1/project_1_IP_AXI/ip_repo/Fully_Connected_1_1_0/src/adder_tree.sv'.
WARNING: [IP_Flow 19-3833] Unreferenced file from the top module is not packaged: 'E:/TestVerilog/Test_DOAN1/project_1_IP_AXI/ip_repo/Fully_Connected_1_1_0/src/RAM_weights.sv'.
WARNING: [IP_Flow 19-3833] Unreferenced file from the top module is not packaged: 'E:/TestVerilog/Test_DOAN1/project_1_IP_AXI/ip_repo/Fully_Connected_1_1_0/src/adder_tree_D.sv'.
WARNING: [IP_Flow 19-3833] Unreferenced file from the top module is not packaged: 'E:/TestVerilog/Test_DOAN1/project_1_IP_AXI/ip_repo/Fully_Connected_1_1_0/src/RAM_biases.sv'.
WARNING: [IP_Flow 19-3833] Unreferenced file from the top module is not packaged: 'E:/TestVerilog/Test_DOAN1/project_1_IP_AXI/ip_repo/Fully_Connected_1_1_0/src/RAM_data.sv'.
WARNING: [IP_Flow 19-3833] Unreferenced file from the top module is not packaged: 'E:/TestVerilog/Test_DOAN1/project_1_IP_AXI/ip_repo/Fully_Connected_1_1_0/src/process_unit1.sv'.
WARNING: [IP_Flow 19-3833] Unreferenced file from the top module is not packaged: 'E:/TestVerilog/Test_DOAN1/project_1_IP_AXI/ip_repo/Fully_Connected_1_1_0/src/alu.sv'.
WARNING: [IP_Flow 19-3833] Unreferenced file from the top module is not packaged: 'E:/TestVerilog/Test_DOAN1/project_1_IP_AXI/ip_repo/Fully_Connected_1_1_0/src/neuron3.sv'.
WARNING: [IP_Flow 19-3833] Unreferenced file from the top module is not packaged: 'E:/TestVerilog/Test_DOAN1/project_1_IP_AXI/ip_repo/Fully_Connected_1_1_0/src/neuron1.sv'.
WARNING: [IP_Flow 19-3833] Unreferenced file from the top module is not packaged: 'E:/TestVerilog/Test_DOAN1/project_1_IP_AXI/ip_repo/Fully_Connected_1_1_0/src/Single_Port_RAM.sv'.
WARNING: [IP_Flow 19-3833] Unreferenced file from the top module is not packaged: 'E:/TestVerilog/Test_DOAN1/project_1_IP_AXI/ip_repo/Fully_Connected_1_1_0/src/neuron.sv'.
WARNING: [IP_Flow 19-3833] Unreferenced file from the top module is not packaged: 'E:/TestVerilog/Test_DOAN1/project_1_IP_AXI/ip_repo/Fully_Connected_1_1_0/src/Dual_Port_RAM.sv'.
WARNING: [IP_Flow 19-3833] Unreferenced file from the top module is not packaged: 'E:/TestVerilog/Test_DOAN1/project_1_IP_AXI/ip_repo/Fully_Connected_1_1_0/src/adder_tree_para.sv'.
WARNING: [IP_Flow 19-3833] Unreferenced file from the top module is not packaged: 'E:/TestVerilog/Test_DOAN1/project_1_IP_AXI/ip_repo/Fully_Connected_1_1_0/src/neuron4.sv'.
WARNING: [IP_Flow 19-3833] Unreferenced file from the top module is not packaged: 'E:/TestVerilog/Test_DOAN1/project_1_IP_AXI/ip_repo/Fully_Connected_1_1_0/src/neuron2.sv'.
WARNING: [IP_Flow 19-3833] Unreferenced file from the top module is not packaged: 'E:/TestVerilog/Test_DOAN1/project_1_IP_AXI/ip_repo/Fully_Connected_1_1_0/src/single_adder.sv'.
WARNING: [IP_Flow 19-3833] Unreferenced file from the top module is not packaged: 'E:/TestVerilog/Test_DOAN1/project_1_21_12_1/project_1/project_1.srcs/sources_1/ip/blk_mem_gen_0/blk_mem_gen_0.xci'.
WARNING: [IP_Flow 19-3833] Unreferenced file from the top module is not packaged: 'E:/TestVerilog/Test_DOAN1/project_1_21_12_1/project_1/project_1.srcs/sources_1/ip/ram_data/ram_data.xci'.
WARNING: [IP_Flow 19-3833] Unreferenced file from the top module is not packaged: 'E:/TestVerilog/Test_DOAN1/project_1_21_12_1/project_1/project_1.srcs/sources_1/ip/blk_mem_gen_1/blk_mem_gen_1.xci'.
WARNING: [IP_Flow 19-3833] Unreferenced file from the top module is not packaged: 'E:/TestVerilog/Test_DOAN1/project_1_21_12_1/project_1/project_1.gen/sources_1/bd/TaiLieu/hdl/multiply_wrapper.v'.
WARNING: [IP_Flow 19-4308] Project file 'e:/TestVerilog/Test_DOAN1/project_1_21_12_1/project_1/project_1.srcs/sources_1/ip/test_ram_data_init.coe' is not found in the component files. It will be added automatically when merging sources and repackaging. Please remove the file from the source project if this is not desired.
WARNING: [IP_Flow 19-4308] Project file 'e:/TestVerilog/Test_DOAN1/project_1_21_12_1/project_1/project_1.srcs/sources_1/ip/test_ram_data_init.coe' is not found in the component files. It will be added automatically when merging sources and repackaging. Please remove the file from the source project if this is not desired.
WARNING: [IP_Flow 19-5897] The set of required XPM macros has changed from 'XPM_CDC,XPM_MEMORY' to ''
export_ip_user_files -of_objects  [get_files E:/TestVerilog/Test_DOAN1/project_1_IP_AXI/ip_repo/Fully_Connected_1_1_0/src/neuron1.sv] -no_script -reset -force -quiet
export_ip_user_files -of_objects  [get_files E:/TestVerilog/Test_DOAN1/project_1_IP_AXI/ip_repo/Fully_Connected_1_1_0/src/neuron4.sv] -no_script -reset -force -quiet
export_ip_user_files -of_objects  [get_files E:/TestVerilog/Test_DOAN1/project_1_IP_AXI/ip_repo/Fully_Connected_1_1_0/src/neuron3.sv] -no_script -reset -force -quiet
export_ip_user_files -of_objects  [get_files E:/TestVerilog/Test_DOAN1/project_1_IP_AXI/ip_repo/Fully_Connected_1_1_0/src/adder_tree_D.sv] -no_script -reset -force -quiet
export_ip_user_files -of_objects  [get_files E:/TestVerilog/Test_DOAN1/project_1_IP_AXI/ip_repo/Fully_Connected_1_1_0/src/neuron2.sv] -no_script -reset -force -quiet
export_ip_user_files -of_objects  [get_files E:/TestVerilog/Test_DOAN1/project_1_IP_AXI/ip_repo/Fully_Connected_1_1_0/src/neuron.sv] -no_script -reset -force -quiet
export_ip_user_files -of_objects  [get_files E:/TestVerilog/Test_DOAN1/project_1_21_12_1/project_1/project_1.gen/sources_1/bd/TaiLieu/hdl/multiply_wrapper.v] -no_script -reset -force -quiet
export_ip_user_files -of_objects  [get_files E:/TestVerilog/Test_DOAN1/project_1_IP_AXI/ip_repo/Fully_Connected_1_1_0/src/Dual_Port_RAM.sv] -no_script -reset -force -quiet
export_ip_user_files -of_objects  [get_files E:/TestVerilog/Test_DOAN1/project_1_IP_AXI/ip_repo/Fully_Connected_1_1_0/src/RAM_biases.sv] -no_script -reset -force -quiet
export_ip_user_files -of_objects  [get_files E:/TestVerilog/Test_DOAN1/project_1_IP_AXI/ip_repo/Fully_Connected_1_1_0/src/RAM_data.sv] -no_script -reset -force -quiet
export_ip_user_files -of_objects  [get_files E:/TestVerilog/Test_DOAN1/project_1_IP_AXI/ip_repo/Fully_Connected_1_1_0/src/RAM_weights.sv] -no_script -reset -force -quiet
export_ip_user_files -of_objects  [get_files E:/TestVerilog/Test_DOAN1/project_1_IP_AXI/ip_repo/Fully_Connected_1_1_0/src/Single_Port_RAM.sv] -no_script -reset -force -quiet
export_ip_user_files -of_objects  [get_files E:/TestVerilog/Test_DOAN1/project_1_IP_AXI/ip_repo/Fully_Connected_1_1_0/src/adder_tree.sv] -no_script -reset -force -quiet
export_ip_user_files -of_objects  [get_files E:/TestVerilog/Test_DOAN1/project_1_IP_AXI/ip_repo/Fully_Connected_1_1_0/src/adder_tree_para.sv] -no_script -reset -force -quiet
export_ip_user_files -of_objects  [get_files E:/TestVerilog/Test_DOAN1/project_1_21_12_1/project_1/project_1.srcs/sources_1/ip/blk_mem_gen_0/blk_mem_gen_0.xci] -no_script -reset -force -quiet
export_ip_user_files -of_objects  [get_files E:/TestVerilog/Test_DOAN1/project_1_21_12_1/project_1/project_1.srcs/sources_1/ip/blk_mem_gen_1/blk_mem_gen_1.xci] -no_script -reset -force -quiet
export_ip_user_files -of_objects  [get_files E:/TestVerilog/Test_DOAN1/project_1_21_12_1/project_1/project_1.srcs/sources_1/ip/ram_data/ram_data.xci] -no_script -reset -force -quiet
remove_files  {E:/TestVerilog/Test_DOAN1/project_1_IP_AXI/ip_repo/Fully_Connected_1_1_0/src/neuron1.sv E:/TestVerilog/Test_DOAN1/project_1_IP_AXI/ip_repo/Fully_Connected_1_1_0/src/neuron4.sv E:/TestVerilog/Test_DOAN1/project_1_IP_AXI/ip_repo/Fully_Connected_1_1_0/src/neuron3.sv E:/TestVerilog/Test_DOAN1/project_1_IP_AXI/ip_repo/Fully_Connected_1_1_0/src/adder_tree_D.sv E:/TestVerilog/Test_DOAN1/project_1_IP_AXI/ip_repo/Fully_Connected_1_1_0/src/neuron2.sv E:/TestVerilog/Test_DOAN1/project_1_IP_AXI/ip_repo/Fully_Connected_1_1_0/src/neuron.sv E:/TestVerilog/Test_DOAN1/project_1_21_12_1/project_1/project_1.gen/sources_1/bd/TaiLieu/hdl/multiply_wrapper.v E:/TestVerilog/Test_DOAN1/project_1_IP_AXI/ip_repo/Fully_Connected_1_1_0/src/Dual_Port_RAM.sv E:/TestVerilog/Test_DOAN1/project_1_IP_AXI/ip_repo/Fully_Connected_1_1_0/src/RAM_biases.sv E:/TestVerilog/Test_DOAN1/project_1_IP_AXI/ip_repo/Fully_Connected_1_1_0/src/RAM_data.sv E:/TestVerilog/Test_DOAN1/project_1_IP_AXI/ip_repo/Fully_Connected_1_1_0/src/RAM_weights.sv E:/TestVerilog/Test_DOAN1/project_1_IP_AXI/ip_repo/Fully_Connected_1_1_0/src/Single_Port_RAM.sv E:/TestVerilog/Test_DOAN1/project_1_IP_AXI/ip_repo/Fully_Connected_1_1_0/src/adder_tree.sv E:/TestVerilog/Test_DOAN1/project_1_IP_AXI/ip_repo/Fully_Connected_1_1_0/src/adder_tree_para.sv E:/TestVerilog/Test_DOAN1/project_1_21_12_1/project_1/project_1.srcs/sources_1/ip/blk_mem_gen_0/blk_mem_gen_0.xci E:/TestVerilog/Test_DOAN1/project_1_21_12_1/project_1/project_1.srcs/sources_1/ip/blk_mem_gen_1/blk_mem_gen_1.xci E:/TestVerilog/Test_DOAN1/project_1_21_12_1/project_1/project_1.srcs/sources_1/ip/ram_data/ram_data.xci}
export_ip_user_files -of_objects  [get_files E:/TestVerilog/Test_DOAN1/project_1_IP_AXI/ip_repo/Fully_Connected_1_1_0/src/process_unit1.sv] -no_script -reset -force -quiet
export_ip_user_files -of_objects  [get_files E:/TestVerilog/Test_DOAN1/project_1_IP_AXI/ip_repo/Fully_Connected_1_1_0/src/relu_act.sv] -no_script -reset -force -quiet
export_ip_user_files -of_objects  [get_files E:/TestVerilog/Test_DOAN1/project_1_IP_AXI/ip_repo/Fully_Connected_1_1_0/src/single_adder.sv] -no_script -reset -force -quiet
remove_files  {E:/TestVerilog/Test_DOAN1/project_1_IP_AXI/ip_repo/Fully_Connected_1_1_0/src/process_unit1.sv E:/TestVerilog/Test_DOAN1/project_1_IP_AXI/ip_repo/Fully_Connected_1_1_0/src/relu_act.sv E:/TestVerilog/Test_DOAN1/project_1_IP_AXI/ip_repo/Fully_Connected_1_1_0/src/single_adder.sv}
export_ip_user_files -of_objects  [get_files E:/TestVerilog/Test_DOAN1/project_1_IP_AXI/ip_repo/Fully_Connected_1_1_0/src/alu.sv] -no_script -reset -force -quiet
remove_files  E:/TestVerilog/Test_DOAN1/project_1_IP_AXI/ip_repo/Fully_Connected_1_1_0/src/alu.sv
export_ip_user_files -of_objects  [get_files e:/TestVerilog/Test_DOAN1/project_1_21_12_1/project_1/project_1.srcs/sources_1/ip/test_ram_data_init.coe] -no_script -reset -force -quiet
remove_files  e:/TestVerilog/Test_DOAN1/project_1_21_12_1/project_1/project_1.srcs/sources_1/ip/test_ram_data_init.coe
ipx::merge_project_changes files [ipx::current_core]
WARNING: [IP_Flow 19-4963] multiply_mult_gen_0_0 has board value specified. The packaged IP will be restricted to usage with board 'xilinx.com:kv260_som_som240_1_connector_kv260_carrier_som240_1_connector:part0:1.4'
INFO: [BD 41-1637] Generated targets are already up-to-date for block design 'multiply' - hence not re-generating.
exit
INFO: [Common 17-206] Exiting Vivado at Wed Dec 25 11:38:35 2024...
