Copyright 1986-2022 Xilinx, Inc. All Rights Reserved. Copyright 2022-2024 Advanced Micro Devices, Inc. All Rights Reserved.
---------------------------------------------------------------------------------------------------------------------------------------------
| Tool Version : Vivado v.2024.1 (win64) Build 5076996 Wed May 22 18:37:14 MDT 2024
| Date         : Sun Dec 29 16:28:28 2024
| Host         : DESKTOP-AF4K6S1 running 64-bit major release  (build 9200)
| Command      : report_utilization -file Fully_connected_wrapper_utilization_placed.rpt -pb Fully_connected_wrapper_utilization_placed.pb
| Design       : Fully_connected_wrapper
| Device       : xck26-sfvc784-2LV-c
| Speed File   : -2LV
| Design State : Fully Placed
---------------------------------------------------------------------------------------------------------------------------------------------

Utilization Design Information

Table of Contents
-----------------
1. CLB Logic
1.1 Summary of Registers by Type
2. CLB Logic Distribution
3. BLOCKRAM
4. ARITHMETIC
5. I/O
6. CLOCK
7. ADVANCED
8. CONFIGURATION
9. Primitives
10. Black Boxes
11. Instantiated Netlists

1. CLB Logic
------------

+----------------------------+-------+-------+------------+-----------+-------+
|          Site Type         |  Used | Fixed | Prohibited | Available | Util% |
+----------------------------+-------+-------+------------+-----------+-------+
| CLB LUTs                   | 14909 |     0 |          0 |    117120 | 12.73 |
|   LUT as Logic             | 12217 |     0 |          0 |    117120 | 10.43 |
|   LUT as Memory            |  2692 |     0 |          0 |     57600 |  4.67 |
|     LUT as Distributed RAM |  1116 |     0 |            |           |       |
|     LUT as Shift Register  |  1576 |     0 |            |           |       |
| CLB Registers              | 19104 |     0 |          0 |    234240 |  8.16 |
|   Register as Flip Flop    | 19104 |     0 |          0 |    234240 |  8.16 |
|   Register as Latch        |     0 |     0 |          0 |    234240 |  0.00 |
| CARRY8                     |   203 |     0 |          0 |     14640 |  1.39 |
| F7 Muxes                   |    90 |     0 |          0 |     58560 |  0.15 |
| F8 Muxes                   |     2 |     0 |          0 |     29280 | <0.01 |
| F9 Muxes                   |     0 |     0 |          0 |     14640 |  0.00 |
+----------------------------+-------+-------+------------+-----------+-------+
* Warning! LUT value is adjusted to account for LUT combining.


1.1 Summary of Registers by Type
--------------------------------

+-------+--------------+-------------+--------------+
| Total | Clock Enable | Synchronous | Asynchronous |
+-------+--------------+-------------+--------------+
| 0     |            _ |           - |            - |
| 0     |            _ |           - |          Set |
| 0     |            _ |           - |        Reset |
| 0     |            _ |         Set |            - |
| 0     |            _ |       Reset |            - |
| 0     |          Yes |           - |            - |
| 46    |          Yes |           - |          Set |
| 3117  |          Yes |           - |        Reset |
| 428   |          Yes |         Set |            - |
| 15513 |          Yes |       Reset |            - |
+-------+--------------+-------------+--------------+


2. CLB Logic Distribution
-------------------------

+--------------------------------------------+-------+-------+------------+-----------+-------+
|                  Site Type                 |  Used | Fixed | Prohibited | Available | Util% |
+--------------------------------------------+-------+-------+------------+-----------+-------+
| CLB                                        |  2855 |     0 |          0 |     14640 | 19.50 |
|   CLBL                                     |  1242 |     0 |            |           |       |
|   CLBM                                     |  1613 |     0 |            |           |       |
| LUT as Logic                               | 12217 |     0 |          0 |    117120 | 10.43 |
|   using O5 output only                     |   419 |       |            |           |       |
|   using O6 output only                     |  7056 |       |            |           |       |
|   using O5 and O6                          |  4742 |       |            |           |       |
| LUT as Memory                              |  2692 |     0 |          0 |     57600 |  4.67 |
|   LUT as Distributed RAM                   |  1116 |     0 |            |           |       |
|     using O5 output only                   |     0 |       |            |           |       |
|     using O6 output only                   |   120 |       |            |           |       |
|     using O5 and O6                        |   996 |       |            |           |       |
|   LUT as Shift Register                    |  1576 |     0 |            |           |       |
|     using O5 output only                   |     0 |       |            |           |       |
|     using O6 output only                   |  1372 |       |            |           |       |
|     using O5 and O6                        |   204 |       |            |           |       |
| CLB Registers                              | 19104 |     0 |          0 |    234240 |  8.16 |
|   Register driven from within the CLB      | 13447 |       |            |           |       |
|   Register driven from outside the CLB     |  5657 |       |            |           |       |
|     LUT in front of the register is unused |  3675 |       |            |           |       |
|     LUT in front of the register is used   |  1982 |       |            |           |       |
| Unique Control Sets                        |   970 |       |          0 |     29280 |  3.31 |
+--------------------------------------------+-------+-------+------------+-----------+-------+
* * Note: Available Control Sets calculated as Slices * 2, Review the Control Sets Report for more information regarding control sets.


3. BLOCKRAM
-----------

+-------------------+------+-------+------------+-----------+-------+
|     Site Type     | Used | Fixed | Prohibited | Available | Util% |
+-------------------+------+-------+------------+-----------+-------+
| Block RAM Tile    | 15.5 |     0 |          0 |       144 | 10.76 |
|   RAMB36/FIFO*    |   15 |     0 |          0 |       144 | 10.42 |
|     RAMB36E2 only |   15 |       |            |           |       |
|   RAMB18          |    1 |     0 |          0 |       288 |  0.35 |
|     RAMB18E2 only |    1 |       |            |           |       |
| URAM              |    0 |     0 |          0 |        64 |  0.00 |
+-------------------+------+-------+------------+-----------+-------+
* Note: Each Block RAM Tile only has one FIFO logic available and therefore can accommodate only one FIFO36E2 or one FIFO18E2. However, if a FIFO18E2 occupies a Block RAM Tile, that tile can still accommodate a RAMB18E2


4. ARITHMETIC
-------------

+----------------+------+-------+------------+-----------+-------+
|    Site Type   | Used | Fixed | Prohibited | Available | Util% |
+----------------+------+-------+------------+-----------+-------+
| DSPs           |   64 |     0 |          0 |      1248 |  5.13 |
|   DSP48E2 only |   64 |       |            |           |       |
+----------------+------+-------+------------+-----------+-------+


5. I/O
------

+------------------+------+-------+------------+-----------+-------+
|     Site Type    | Used | Fixed | Prohibited | Available | Util% |
+------------------+------+-------+------------+-----------+-------+
| Bonded IOB       |    0 |     0 |          0 |       189 |  0.00 |
| HPIOB_M          |    0 |     0 |          0 |        58 |  0.00 |
| HPIOB_S          |    0 |     0 |          0 |        58 |  0.00 |
| HDIOB_M          |    0 |     0 |          0 |        35 |  0.00 |
| HDIOB_S          |    0 |     0 |          0 |        35 |  0.00 |
| HPIOB_SNGL       |    0 |     0 |          0 |         3 |  0.00 |
| HPIOBDIFFINBUF   |    0 |     0 |          0 |        82 |  0.00 |
| HPIOBDIFFOUTBUF  |    0 |     0 |          0 |        82 |  0.00 |
| HDIOBDIFFINBUF   |    0 |     0 |          0 |        35 |  0.00 |
| BITSLICE_CONTROL |    0 |     0 |          0 |        32 |  0.00 |
| BITSLICE_RX_TX   |    0 |     0 |          0 |      1248 |  0.00 |
| BITSLICE_TX      |    0 |     0 |          0 |        32 |  0.00 |
| RIU_OR           |    0 |     0 |          0 |        16 |  0.00 |
+------------------+------+-------+------------+-----------+-------+


6. CLOCK
--------

+------------+------+-------+------------+-----------+-------+
|  Site Type | Used | Fixed | Prohibited | Available | Util% |
+------------+------+-------+------------+-----------+-------+
| BUFGCE     |    3 |     0 |          0 |       112 |  2.68 |
| BUFGCE_DIV |    0 |     0 |          0 |        16 |  0.00 |
| BUFG_GT    |    0 |     0 |          0 |        96 |  0.00 |
| BUFG_PS    |    1 |     0 |          0 |        96 |  1.04 |
| BUFGCTRL*  |    0 |     0 |          0 |        32 |  0.00 |
| PLL        |    0 |     0 |          0 |         8 |  0.00 |
| MMCM       |    0 |     0 |          0 |         4 |  0.00 |
+------------+------+-------+------------+-----------+-------+
* Note: Each used BUFGCTRL counts as two GLOBAL CLOCK BUFFERs. This table does not include global clocking resources, only buffer cell usage. See the Clock Utilization Report (report_clock_utilization) for detailed accounting of global clocking resource availability.


7. ADVANCED
-----------

+-----------------+------+-------+------------+-----------+--------+
|    Site Type    | Used | Fixed | Prohibited | Available |  Util% |
+-----------------+------+-------+------------+-----------+--------+
| GTHE4_CHANNEL   |    0 |     0 |          0 |         4 |   0.00 |
| GTHE4_COMMON    |    0 |     0 |          0 |         1 |   0.00 |
| OBUFDS_GTE4     |    0 |     0 |          0 |         2 |   0.00 |
| OBUFDS_GTE4_ADV |    0 |     0 |          0 |         2 |   0.00 |
| PCIE40E4        |    0 |     0 |          0 |         2 |   0.00 |
| PS8             |    1 |     0 |          0 |         1 | 100.00 |
| SYSMONE4        |    0 |     0 |          0 |         1 |   0.00 |
| VCU             |    0 |     0 |          0 |         1 |   0.00 |
+-----------------+------+-------+------------+-----------+--------+


8. CONFIGURATION
----------------

+-------------+------+-------+------------+-----------+-------+
|  Site Type  | Used | Fixed | Prohibited | Available | Util% |
+-------------+------+-------+------------+-----------+-------+
| BSCANE2     |    1 |     0 |          0 |         4 | 25.00 |
| DNA_PORTE2  |    0 |     0 |          0 |         1 |  0.00 |
| EFUSE_USR   |    0 |     0 |          0 |         1 |  0.00 |
| FRAME_ECCE4 |    0 |     0 |          0 |         1 |  0.00 |
| ICAPE3      |    0 |     0 |          0 |         2 |  0.00 |
| MASTER_JTAG |    0 |     0 |          0 |         1 |  0.00 |
| STARTUPE3   |    0 |     0 |          0 |         1 |  0.00 |
+-------------+------+-------+------------+-----------+-------+


9. Primitives
-------------

+----------+-------+---------------------+
| Ref Name |  Used | Functional Category |
+----------+-------+---------------------+
| FDRE     | 15513 |            Register |
| LUT3     |  4802 |                 CLB |
| LUT6     |  4141 |                 CLB |
| LUT2     |  3255 |                 CLB |
| FDCE     |  3117 |            Register |
| LUT4     |  2232 |                 CLB |
| LUT5     |  2174 |                 CLB |
| RAMD32   |  1752 |                 CLB |
| SRLC32E  |  1195 |                 CLB |
| SRL16E   |   583 |                 CLB |
| FDSE     |   428 |            Register |
| LUT1     |   355 |                 CLB |
| RAMS32   |   248 |                 CLB |
| CARRY8   |   203 |                 CLB |
| RAMD64E  |   112 |                 CLB |
| MUXF7    |    90 |                 CLB |
| DSP48E2  |    64 |          Arithmetic |
| FDPE     |    46 |            Register |
| RAMB36E2 |    15 |            BLOCKRAM |
| BUFGCE   |     3 |               Clock |
| SRLC16E  |     2 |                 CLB |
| MUXF8    |     2 |                 CLB |
| RAMB18E2 |     1 |            BLOCKRAM |
| PS8      |     1 |            Advanced |
| BUFG_PS  |     1 |               Clock |
| BSCANE2  |     1 |       Configuration |
+----------+-------+---------------------+


10. Black Boxes
---------------

+----------+------+
| Ref Name | Used |
+----------+------+


11. Instantiated Netlists
-------------------------

+----------+------+
| Ref Name | Used |
+----------+------+
| dbg_hub  |    1 |
+----------+------+


