Copyright 1986-2022 Xilinx, Inc. All Rights Reserved. Copyright 2022-2024 Advanced Micro Devices, Inc. All Rights Reserved.
---------------------------------------------------------------------------------------------------------------------------------------------
| Tool Version : Vivado v.2024.1 (win64) Build 5076996 Wed May 22 18:37:14 MDT 2024
| Date         : Sun Dec 29 12:50:21 2024
| Host         : DESKTOP-AF4K6S1 running 64-bit major release  (build 9200)
| Command      : upgrade_ip
| Device       : xck26-sfvc784-2LV-c
---------------------------------------------------------------------------------------------------------------------------------------------

Upgrade Log for IP 'Fully_connected_Fully_Connected_1_0_0'

1. Summary
----------

SUCCESS in the upgrade of Fully_connected_Fully_Connected_1_0_0 (xilinx.com:user:Fully_Connected_1:1.0) from (Rev. 20) to (Rev. 21)






Copyright 1986-2022 Xilinx, Inc. All Rights Reserved. Copyright 2022-2024 Advanced Micro Devices, Inc. All Rights Reserved.
---------------------------------------------------------------------------------------------------------------------------------------------
| Tool Version : Vivado v.2024.1 (win64) Build 5076996 Wed May 22 18:37:14 MDT 2024
| Date         : Sat Dec 28 16:52:19 2024
| Host         : DESKTOP-AF4K6S1 running 64-bit major release  (build 9200)
| Command      : upgrade_ip
| Device       : xck26-sfvc784-2LV-c
---------------------------------------------------------------------------------------------------------------------------------------------

Upgrade Log for IP 'Fully_Connected_Fully_Connected_1_0_0'

1. Summary
----------

SUCCESS in the upgrade of Fully_Connected_Fully_Connected_1_0_0 (xilinx.com:user:Fully_Connected_1:1.0) from (Rev. 19) to (Rev. 20)






Copyright 1986-2022 Xilinx, Inc. All Rights Reserved. Copyright 2022-2024 Advanced Micro Devices, Inc. All Rights Reserved.
---------------------------------------------------------------------------------------------------------------------------------------------
| Tool Version : Vivado v.2024.1 (win64) Build 5076996 Wed May 22 18:37:14 MDT 2024
| Date         : Sat Dec 28 16:52:18 2024
| Host         : DESKTOP-AF4K6S1 running 64-bit major release  (build 9200)
| Command      : upgrade_ip
| Device       : xck26-sfvc784-2LV-c
---------------------------------------------------------------------------------------------------------------------------------------------

Upgrade Log for IP 'Fully_Connected_1_Fully_Connected_1_0_0'

1. Summary
----------

SUCCESS in the upgrade of Fully_Connected_1_Fully_Connected_1_0_0 (xilinx.com:user:Fully_Connected_1:1.0) from (Rev. 19) to (Rev. 20)






Copyright 1986-2022 Xilinx, Inc. All Rights Reserved. Copyright 2022-2024 Advanced Micro Devices, Inc. All Rights Reserved.
---------------------------------------------------------------------------------------------------------------------------------------------
| Tool Version : Vivado v.2024.1 (win64) Build 5076996 Wed May 22 18:37:14 MDT 2024
| Date         : Sat Dec 28 16:03:04 2024
| Host         : DESKTOP-AF4K6S1 running 64-bit major release  (build 9200)
| Command      : upgrade_ip
| Device       : xck26-sfvc784-2LV-c
---------------------------------------------------------------------------------------------------------------------------------------------

Upgrade Log for IP 'Fully_Connected_1_Fully_Connected_1_0_0'

1. Summary
----------

SUCCESS in the upgrade of Fully_Connected_1_Fully_Connected_1_0_0 (xilinx.com:user:Fully_Connected_1:1.0) from (Rev. 18) to (Rev. 19)






Copyright 1986-2022 Xilinx, Inc. All Rights Reserved. Copyright 2022-2024 Advanced Micro Devices, Inc. All Rights Reserved.
---------------------------------------------------------------------------------------------------------------------------------------------
| Tool Version : Vivado v.2024.1 (win64) Build 5076996 Wed May 22 18:37:14 MDT 2024
| Date         : Sat Dec 28 15:39:31 2024
| Host         : DESKTOP-AF4K6S1 running 64-bit major release  (build 9200)
| Command      : upgrade_ip
| Device       : xck26-sfvc784-2LV-c
---------------------------------------------------------------------------------------------------------------------------------------------

Upgrade Log for IP 'Fully_Connected_1_Fully_Connected_1_0_0'

1. Summary
----------

SUCCESS in the upgrade of Fully_Connected_1_Fully_Connected_1_0_0 (xilinx.com:user:Fully_Connected_1:1.0) from (Rev. 17) to (Rev. 18)






Copyright 1986-2022 Xilinx, Inc. All Rights Reserved. Copyright 2022-2024 Advanced Micro Devices, Inc. All Rights Reserved.
---------------------------------------------------------------------------------------------------------------------------------------------
| Tool Version : Vivado v.2024.1 (win64) Build 5076996 Wed May 22 18:37:14 MDT 2024
| Date         : Sat Dec 28 14:05:31 2024
| Host         : DESKTOP-AF4K6S1 running 64-bit major release  (build 9200)
| Command      : upgrade_ip
| Device       : xck26-sfvc784-2LV-c
---------------------------------------------------------------------------------------------------------------------------------------------

Upgrade Log for IP 'Fully_Connected_1_Fully_Connected_1_0_0'

1. Summary
----------

SUCCESS in the upgrade of Fully_Connected_1_Fully_Connected_1_0_0 (xilinx.com:user:Fully_Connected_1:1.0) from (Rev. 15) to (Rev. 17)






Copyright 1986-2022 Xilinx, Inc. All Rights Reserved. Copyright 2022-2024 Advanced Micro Devices, Inc. All Rights Reserved.
---------------------------------------------------------------------------------------------------------------------------------------------
| Tool Version : Vivado v.2024.1 (win64) Build 5076996 Wed May 22 18:37:14 MDT 2024
| Date         : Wed Dec 25 15:25:45 2024
| Host         : DESKTOP-AF4K6S1 running 64-bit major release  (build 9200)
| Command      : upgrade_ip
| Device       : xck26-sfvc784-2LV-c
---------------------------------------------------------------------------------------------------------------------------------------------

Upgrade Log for IP 'Fully_Connected_1_Fully_Connected_1_0_0'

1. Summary
----------

SUCCESS in the upgrade of Fully_Connected_1_Fully_Connected_1_0_0 (xilinx.com:user:Fully_Connected_1:1.0) from (Rev. 14) to (Rev. 15)






Copyright 1986-2022 Xilinx, Inc. All Rights Reserved. Copyright 2022-2024 Advanced Micro Devices, Inc. All Rights Reserved.
---------------------------------------------------------------------------------------------------------------------------------------------
| Tool Version : Vivado v.2024.1 (win64) Build 5076996 Wed May 22 18:37:14 MDT 2024
| Date         : Wed Dec 25 14:51:18 2024
| Host         : DESKTOP-AF4K6S1 running 64-bit major release  (build 9200)
| Command      : upgrade_ip
| Device       : xck26-sfvc784-2LV-c
---------------------------------------------------------------------------------------------------------------------------------------------

Upgrade Log for IP 'Fully_Connected_1_Fully_Connected_1_0_0'

1. Summary
----------

SUCCESS in the upgrade of Fully_Connected_1_Fully_Connected_1_0_0 (xilinx.com:user:Fully_Connected_1:1.0) from (Rev. 13) to (Rev. 14)






Copyright 1986-2022 Xilinx, Inc. All Rights Reserved. Copyright 2022-2024 Advanced Micro Devices, Inc. All Rights Reserved.
---------------------------------------------------------------------------------------------------------------------------------------------
| Tool Version : Vivado v.2024.1 (win64) Build 5076996 Wed May 22 18:37:14 MDT 2024
| Date         : Tue Dec 24 04:39:50 2024
| Host         : DESKTOP-AF4K6S1 running 64-bit major release  (build 9200)
| Command      : upgrade_ip
| Device       : xck26-sfvc784-2LV-c
---------------------------------------------------------------------------------------------------------------------------------------------

Upgrade Log for IP 'Fully_Connected_1_Fully_Connected_1_0_0'

1. Summary
----------

SUCCESS in the upgrade of Fully_Connected_1_Fully_Connected_1_0_0 (xilinx.com:user:Fully_Connected_1:1.0) from (Rev. 11) to (Rev. 13)






Copyright 1986-2022 Xilinx, Inc. All Rights Reserved. Copyright 2022-2024 Advanced Micro Devices, Inc. All Rights Reserved.
---------------------------------------------------------------------------------------------------------------------------------------------
| Tool Version : Vivado v.2024.1 (win64) Build 5076996 Wed May 22 18:37:14 MDT 2024
| Date         : Tue Dec 24 04:31:32 2024
| Host         : DESKTOP-AF4K6S1 running 64-bit major release  (build 9200)
| Command      : upgrade_ip
| Device       : xck26-sfvc784-2LV-c
---------------------------------------------------------------------------------------------------------------------------------------------

Upgrade Log for IP 'Fully_Connected_1_Fully_Connected_1_0_0'

1. Summary
----------

SUCCESS in the upgrade of Fully_Connected_1_Fully_Connected_1_0_0 (xilinx.com:user:Fully_Connected_1:1.0) from (Rev. 10) to (Rev. 11)






Copyright 1986-2022 Xilinx, Inc. All Rights Reserved. Copyright 2022-2024 Advanced Micro Devices, Inc. All Rights Reserved.
---------------------------------------------------------------------------------------------------------------------------------------------
| Tool Version : Vivado v.2024.1 (win64) Build 5076996 Wed May 22 18:37:14 MDT 2024
| Date         : Tue Dec 24 04:10:20 2024
| Host         : DESKTOP-AF4K6S1 running 64-bit major release  (build 9200)
| Command      : upgrade_ip
| Device       : xck26-sfvc784-2LV-c
---------------------------------------------------------------------------------------------------------------------------------------------

Upgrade Log for IP 'Fully_Connected_1_Fully_Connected_1_0_0'

1. Summary
----------

SUCCESS in the upgrade of Fully_Connected_1_Fully_Connected_1_0_0 (xilinx.com:user:Fully_Connected_1:1.0) from (Rev. 9) to (Rev. 10)






Copyright 1986-2022 Xilinx, Inc. All Rights Reserved. Copyright 2022-2024 Advanced Micro Devices, Inc. All Rights Reserved.
---------------------------------------------------------------------------------------------------------------------------------------------
| Tool Version : Vivado v.2024.1 (win64) Build 5076996 Wed May 22 18:37:14 MDT 2024
| Date         : Tue Dec 24 03:57:16 2024
| Host         : DESKTOP-AF4K6S1 running 64-bit major release  (build 9200)
| Command      : upgrade_ip
| Device       : xck26-sfvc784-2LV-c
---------------------------------------------------------------------------------------------------------------------------------------------

Upgrade Log for IP 'Fully_Connected_1_Fully_Connected_1_0_0'

1. Summary
----------

SUCCESS in the upgrade of Fully_Connected_1_Fully_Connected_1_0_0 (xilinx.com:user:Fully_Connected_1:1.0) from (Rev. 5) to (Rev. 9)

